{
  "stats": {
    "suites": 1,
    "tests": 1,
    "passes": 1,
    "pending": 0,
    "failures": 0,
    "start": "2022-02-25T11:56:44.285Z",
    "end": "2022-02-25T11:56:58.888Z",
    "duration": 14603,
    "testsRegistered": 1,
    "passPercent": 100,
    "pendingPercent": 0,
    "other": 0,
    "hasOther": false,
    "skipped": 0,
    "hasSkipped": false
  },
  "results": [
    {
      "uuid": "04d137dd-7509-44f3-b83b-bcd5f23a0726",
      "title": "",
      "fullFile": "cypress/integration/transfer/transferTest.js",
      "file": "cypress/integration/transfer/transferTest.js",
      "beforeHooks": [],
      "afterHooks": [],
      "tests": [],
      "suites": [
        {
          "uuid": "58e51d1d-7bad-4ea7-9819-c5d4da51fe32",
          "title": "Transfers",
          "fullFile": "",
          "file": "",
          "beforeHooks": [],
          "afterHooks": [],
          "tests": [
            {
              "title": "transfer between accounts",
              "fullTitle": "Transfers transfer between accounts",
              "timedOut": null,
              "duration": 14476,
              "state": "passed",
              "speed": "slow",
              "pass": true,
              "fail": false,
              "pending": false,
              "context": null,
              "code": "_TransfersPage.default.clickTransferBetweenAccountsButton();\n_TransfersPage.default.transfer(\"EBQ11113487654\", \"EBQ11223487456\", 500, \"Test operation\");\n_TransfersPage.default.checkTransactionSubmitted();",
              "err": {},
              "uuid": "770be283-ecef-4d7f-9033-7b3d1ca0ba60",
              "parentUUID": "58e51d1d-7bad-4ea7-9819-c5d4da51fe32",
              "isHook": false,
              "skipped": false
            }
          ],
          "suites": [],
          "passes": [
            "770be283-ecef-4d7f-9033-7b3d1ca0ba60"
          ],
          "failures": [],
          "pending": [],
          "skipped": [],
          "duration": 14476,
          "root": false,
          "rootEmpty": false,
          "_timeout": 2000
        }
      ],
      "passes": [],
      "failures": [],
      "pending": [],
      "skipped": [],
      "duration": 0,
      "root": true,
      "rootEmpty": true,
      "_timeout": 2000
    }
  ],
  "meta": {
    "mocha": {
      "version": "7.0.1"
    },
    "mochawesome": {
      "options": {
        "quiet": false,
        "reportFilename": "mochawesome",
        "saveHtml": true,
        "saveJson": true,
        "consoleReporter": "spec",
        "useInlineDiffs": false,
        "code": true
      },
      "version": "7.0.1"
    },
    "marge": {
      "options": null,
      "version": "6.0.1"
    }
  }
}