{
  "stats": {
    "suites": 1,
    "tests": 1,
    "passes": 1,
    "pending": 0,
    "failures": 0,
    "start": "2022-02-23T12:16:55.098Z",
    "end": "2022-02-23T12:17:08.053Z",
    "duration": 12955,
    "testsRegistered": 1,
    "passPercent": 100,
    "pendingPercent": 0,
    "other": 0,
    "hasOther": false,
    "skipped": 0,
    "hasSkipped": false
  },
  "results": [
    {
      "uuid": "d9699541-80aa-41d2-8746-aa9cd6801526",
      "title": "",
      "fullFile": "cypress/integration/transfer/transferTest.js",
      "file": "cypress/integration/transfer/transferTest.js",
      "beforeHooks": [],
      "afterHooks": [],
      "tests": [],
      "suites": [
        {
          "uuid": "69a5e062-3c87-4bae-8b9a-98f53f4143f6",
          "title": "Transfers",
          "fullFile": "",
          "file": "",
          "beforeHooks": [],
          "afterHooks": [],
          "tests": [
            {
              "title": "transfer between accounts",
              "fullTitle": "Transfers transfer between accounts",
              "timedOut": null,
              "duration": 12836,
              "state": "passed",
              "speed": "slow",
              "pass": true,
              "fail": false,
              "pending": false,
              "context": null,
              "code": "_TransfersPage.default.clickTransferBetweenAccountsButton();\n_TransfersPage.default.transfer(\"EBQ11113487654\", \"EBQ11223487456\", 500, \"Test operation\");\n_TransfersPage.default.checkTransactionSubmitted();",
              "err": {},
              "uuid": "03e4ceec-df5c-4af5-8b8d-dab94ace64d3",
              "parentUUID": "69a5e062-3c87-4bae-8b9a-98f53f4143f6",
              "isHook": false,
              "skipped": false
            }
          ],
          "suites": [],
          "passes": [
            "03e4ceec-df5c-4af5-8b8d-dab94ace64d3"
          ],
          "failures": [],
          "pending": [],
          "skipped": [],
          "duration": 12836,
          "root": false,
          "rootEmpty": false,
          "_timeout": 2000
        }
      ],
      "passes": [],
      "failures": [],
      "pending": [],
      "skipped": [],
      "duration": 0,
      "root": true,
      "rootEmpty": true,
      "_timeout": 2000
    }
  ],
  "meta": {
    "mocha": {
      "version": "7.0.1"
    },
    "mochawesome": {
      "options": {
        "quiet": false,
        "reportFilename": "mochawesome",
        "saveHtml": true,
        "saveJson": true,
        "consoleReporter": "spec",
        "useInlineDiffs": false,
        "code": true
      },
      "version": "7.0.1"
    },
    "marge": {
      "options": null,
      "version": "6.0.1"
    }
  }
}